Using pre-set license
Built from '2021.3/staging' branch; Version is '2021.3.45f1 (0da89fac8e79) revision 895135'; Using compiler version '192829333'; Build Type 'Release'
OS: 'Windows 11  (10.0.26100) 64bit Core' Language: 'pl' Physical Memory: 16214 MB
BatchMode: 1, IsHumanControllingUs: 0, StartBugReporterOnCrash: 0, Is64bit: 1, IsPro: 1

COMMAND LINE ARGUMENTS:
C:\Program Files\Unity\Hub\Editor\2021.3.45f1\Editor\Unity.exe
-adb2
-batchMode
-noUpm
-name
AssetImportWorker2
-projectPath
C:/Users/Windows_11_PRO/Desktop/GameJam/GameJam
-logFile
Logs/AssetImportWorker2.log
-srvPort
61556
Successfully changed project path to: C:/Users/Windows_11_PRO/Desktop/GameJam/GameJam
C:/Users/Windows_11_PRO/Desktop/GameJam/GameJam
[UnityMemory] Configuration Parameters - Can be set up in boot.config
    "memorysetup-bucket-allocator-granularity=16"
    "memorysetup-bucket-allocator-bucket-count=8"
    "memorysetup-bucket-allocator-block-size=33554432"
    "memorysetup-bucket-allocator-block-count=8"
    "memorysetup-main-allocator-block-size=16777216"
    "memorysetup-thread-allocator-block-size=16777216"
    "memorysetup-gfx-main-allocator-block-size=16777216"
    "memorysetup-gfx-thread-allocator-block-size=16777216"
    "memorysetup-cache-allocator-block-size=4194304"
    "memorysetup-typetree-allocator-block-size=2097152"
    "memorysetup-profiler-bucket-allocator-granularity=16"
    "memorysetup-profiler-bucket-allocator-bucket-count=8"
    "memorysetup-profiler-bucket-allocator-block-size=33554432"
    "memorysetup-profiler-bucket-allocator-block-count=8"
    "memorysetup-profiler-allocator-block-size=16777216"
    "memorysetup-profiler-editor-allocator-block-size=1048576"
    "memorysetup-temp-allocator-size-main=16777216"
    "memorysetup-job-temp-allocator-block-size=2097152"
    "memorysetup-job-temp-allocator-block-size-background=1048576"
    "memorysetup-job-temp-allocator-reduction-small-platforms=262144"
    "memorysetup-temp-allocator-size-background-worker=32768"
    "memorysetup-temp-allocator-size-job-worker=262144"
    "memorysetup-temp-allocator-size-preload-manager=33554432"
    "memorysetup-temp-allocator-size-nav-mesh-worker=65536"
    "memorysetup-temp-allocator-size-audio-worker=65536"
    "memorysetup-temp-allocator-size-cloud-worker=32768"
    "memorysetup-temp-allocator-size-gi-baking-worker=262144"
    "memorysetup-temp-allocator-size-gfx=262144"
Player connection [28336] Host "[IP] 0.0.0.0 [Port] 0 [Flags] 2 [Guid] 2259705973 [EditorId] 2259705973 [Version] 1048832 [Id] WindowsEditor(7,DESKTOP-474I38B) [Debug] 1 [PackageName] WindowsEditor [ProjectName] Editor" joined multi-casting on [225.0.0.222:54997]...

Player connection [28336] Host "[IP] 0.0.0.0 [Port] 0 [Flags] 2 [Guid] 2259705973 [EditorId] 2259705973 [Version] 1048832 [Id] WindowsEditor(7,DESKTOP-474I38B) [Debug] 1 [PackageName] WindowsEditor [ProjectName] Editor" joined alternative multi-casting on [225.0.0.222:34997]...

[Physics::Module] Initialized MultithreadedJobDispatcher with {0} workers.
Refreshing native plugins compatible for Editor in 54.37 ms, found 4 plugins.
Preloading 0 native plugins for Editor in 0.00 ms.
Initialize engine version: 2021.3.45f1 (0da89fac8e79)
[Subsystems] Discovering subsystems at path C:/Program Files/Unity/Hub/Editor/2021.3.45f1/Editor/Data/Resources/UnitySubsystems
[Subsystems] Discovering subsystems at path C:/Users/Windows_11_PRO/Desktop/GameJam/GameJam/Assets
GfxDevice: creating device client; threaded=0; jobified=0
Direct3D:
    Version:  Direct3D 11.0 [level 11.1]
    Renderer: NVIDIA GeForce RTX 4060 Ti (ID=0x2788)
    Vendor:   NVIDIA
    VRAM:     7949 MB
    Driver:   32.0.15.6094
Initialize mono
Mono path[0] = 'C:/Program Files/Unity/Hub/Editor/2021.3.45f1/Editor/Data/Managed'
Mono path[1] = 'C:/Program Files/Unity/Hub/Editor/2021.3.45f1/Editor/Data/MonoBleedingEdge/lib/mono/unityjit-win32'
Mono config path = 'C:/Program Files/Unity/Hub/Editor/2021.3.45f1/Editor/Data/MonoBleedingEdge/etc'
Using monoOptions --debugger-agent=transport=dt_socket,embedding=1,server=y,suspend=n,address=127.0.0.1:56788
Begin MonoManager ReloadAssembly
Registering precompiled unity dll's ...
Register platform support module: C:/Program Files/Unity/Hub/Editor/2021.3.45f1/Editor/Data/PlaybackEngines/WindowsStandaloneSupport/UnityEditor.WindowsStandalone.Extensions.dll
Registered in 0.004756 seconds.
Native extension for WindowsStandalone target not found
Refreshing native plugins compatible for Editor in 46.65 ms, found 4 plugins.
Preloading 0 native plugins for Editor in 0.00 ms.
Mono: successfully reloaded assembly
- Completed reload, in  0.908 seconds
Domain Reload Profiling:
	ReloadAssembly (909ms)
		BeginReloadAssembly (86ms)
			ExecutionOrderSort (0ms)
			DisableScriptedObjects (0ms)
			BackupInstance (0ms)
			ReleaseScriptingObjects (0ms)
			CreateAndSetChildDomain (1ms)
		EndReloadAssembly (571ms)
			LoadAssemblies (84ms)
			RebuildTransferFunctionScriptingTraits (0ms)
			SetupTypeCache (292ms)
			ReleaseScriptCaches (0ms)
			RebuildScriptCaches (22ms)
			SetupLoadedEditorAssemblies (224ms)
				LogAssemblyErrors (0ms)
				InitializePlatformSupportModulesInManaged (7ms)
				SetLoadedEditorAssemblies (0ms)
				RefreshPlugins (47ms)
				BeforeProcessingInitializeOnLoad (1ms)
				ProcessInitializeOnLoadAttributes (122ms)
				ProcessInitializeOnLoadMethodAttributes (46ms)
				AfterProcessingInitializeOnLoad (0ms)
				EditorAssembliesLoaded (0ms)
			ExecutionOrderSort2 (0ms)
			AwakeInstancesAfterBackupRestoration (0ms)
Platform modules already initialized, skipping
Registering precompiled user dll's ...
Registered in 0.006733 seconds.
Begin MonoManager ReloadAssembly
Native extension for WindowsStandalone target not found
Refreshing native plugins compatible for Editor in 48.51 ms, found 4 plugins.
Preloading 0 native plugins for Editor in 0.00 ms.
Mono: successfully reloaded assembly
- Completed reload, in  0.978 seconds
Domain Reload Profiling:
	ReloadAssembly (979ms)
		BeginReloadAssembly (103ms)
			ExecutionOrderSort (0ms)
			DisableScriptedObjects (5ms)
			BackupInstance (0ms)
			ReleaseScriptingObjects (0ms)
			CreateAndSetChildDomain (14ms)
		EndReloadAssembly (796ms)
			LoadAssemblies (83ms)
			RebuildTransferFunctionScriptingTraits (0ms)
			SetupTypeCache (175ms)
			ReleaseScriptCaches (0ms)
			RebuildScriptCaches (40ms)
			SetupLoadedEditorAssemblies (492ms)
				LogAssemblyErrors (0ms)
				InitializePlatformSupportModulesInManaged (3ms)
				SetLoadedEditorAssemblies (0ms)
				RefreshPlugins (49ms)
				BeforeProcessingInitializeOnLoad (59ms)
				ProcessInitializeOnLoadAttributes (347ms)
				ProcessInitializeOnLoadMethodAttributes (27ms)
				AfterProcessingInitializeOnLoad (6ms)
				EditorAssembliesLoaded (0ms)
			ExecutionOrderSort2 (0ms)
			AwakeInstancesAfterBackupRestoration (5ms)
Platform modules already initialized, skipping
========================================================================
Worker process is ready to serve import requests
Launched and connected shader compiler UnityShaderCompiler.exe after 0.08 seconds
Refreshing native plugins compatible for Editor in 0.51 ms, found 4 plugins.
Preloading 0 native plugins for Editor in 0.00 ms.
Unloading 3984 Unused Serialized files (Serialized files now loaded: 0)
Unloading 50 unused Assets / (119.4 KB). Loaded Objects now: 4440.
Memory consumption went from 152.0 MB to 151.9 MB.
Total: 2.409300 ms (FindLiveObjects: 0.193200 ms CreateObjectMapping: 0.080400 ms MarkObjects: 2.058600 ms  DeleteObjects: 0.076000 ms)

AssetImportParameters requested are different than current active one (requested -> active):
  custom:video-decoder-ogg-theora: a1e56fd34408186e4bbccfd4996cb3dc -> 
  custom:container-muxer-webm: aa71ff27fc2769a1b78a27578f13a17b -> 
  custom:container-demuxer-webm: 4f35f7cbe854078d1ac9338744f61a02 -> 
  custom:video-encoder-webm-vp8: eb34c28f22e8b96e1ab97ce403110664 -> 
  custom:video-codec-MediaFoundation-h265: 746d11721c4dcdbdad8f713fa42b33f4 -> 
  custom:CustomObjectIndexerAttribute: bc11b3a6c3213fcdd17b65e7da85e133 -> 
  custom:audio-encoder-webm-vorbis: bf7c407c2cedff20999df2af8eb42d56 -> 
  custom:framework-win-MediaFoundation: 216162199b28c13a410421893ffa2e32 -> 
  custom:SearchIndexIgnoredProperties: e643bd26f0fe6173181afceb89e7c659 -> 
  custom:container-demuxer-ogg: 62fdf1f143b41e24485cea50d1cbac27 -> 
  custom:video-decoder-webm-vp8: 9c59270c3fd7afecdb556c50c9e8de78 -> 
  custom:audio-decoder-ogg-vorbis: bf7c407c2cedff20999df2af8eb42d56 -> 
========================================================================
Received Import Request.
  Time since last request: 245033.093451 seconds.
  path: Assets/City Pack/Sprites/CP_V1.0.4_nyknck/CP_V1.0.4_64.asset
  artifactKey: Guid(405ec4587fd43a34f99e00fa6578dd4c) Importer(815301076,1909f56bfc062723c751e8b465ee728b)
Number of updated assets reloaded before import = 0
Start importing Assets/City Pack/Sprites/CP_V1.0.4_nyknck/CP_V1.0.4_64.asset using Guid(405ec4587fd43a34f99e00fa6578dd4c) Importer(815301076,1909f56bfc062723c751e8b465ee728b)  -> (artifact id: 'e3b5fc79872ce2d55a3e692652e28775') in 0.078998 seconds 
Number of asset objects unloaded after import = 3
========================================================================
Received Import Request.
  Time since last request: 0.000021 seconds.
  path: Assets/City Pack/Sprites/CP_V1.0.4_nyknck/CP_V1.0.4_66.asset
  artifactKey: Guid(ef5f79ba4b3d03b4d9af07e46e967130) Importer(815301076,1909f56bfc062723c751e8b465ee728b)
Number of updated assets reloaded before import = 0
Start importing Assets/City Pack/Sprites/CP_V1.0.4_nyknck/CP_V1.0.4_66.asset using Guid(ef5f79ba4b3d03b4d9af07e46e967130) Importer(815301076,1909f56bfc062723c751e8b465ee728b)  -> (artifact id: 'b8721a1d210494c0e4290e53ce13e405') in 0.018588 seconds 
Number of asset objects unloaded after import = 3
========================================================================
Received Import Request.
  Time since last request: 0.000029 seconds.
  path: Assets/City Pack/Sprites/CP_V1.0.4_nyknck/CP_V1.0.4_76.asset
  artifactKey: Guid(5de76eaeb4e1c7043826488e767d67e4) Importer(815301076,1909f56bfc062723c751e8b465ee728b)
Number of updated assets reloaded before import = 0
Start importing Assets/City Pack/Sprites/CP_V1.0.4_nyknck/CP_V1.0.4_76.asset using Guid(5de76eaeb4e1c7043826488e767d67e4) Importer(815301076,1909f56bfc062723c751e8b465ee728b)  -> (artifact id: '46b1f01e99df8715dbd8e43cff7a2ea4') in 0.015758 seconds 
Number of asset objects unloaded after import = 3
========================================================================
Received Import Request.
  Time since last request: 0.000021 seconds.
  path: Assets/City Pack/Sprites/CP_V1.0.4_nyknck/CP_V1.0.4_72.asset
  artifactKey: Guid(3d0ef3b21ee6f174fb747f230f7978a4) Importer(815301076,1909f56bfc062723c751e8b465ee728b)
Number of updated assets reloaded before import = 0
Start importing Assets/City Pack/Sprites/CP_V1.0.4_nyknck/CP_V1.0.4_72.asset using Guid(3d0ef3b21ee6f174fb747f230f7978a4) Importer(815301076,1909f56bfc062723c751e8b465ee728b)  -> (artifact id: '0ad4548ee7f2ad10e7e0879ea522966f') in 0.018094 seconds 
Number of asset objects unloaded after import = 3
========================================================================
Received Import Request.
  Time since last request: 0.000017 seconds.
  path: Assets/City Pack/Sprites/CP_V1.0.4_nyknck/CP_V1.0.4_68.asset
  artifactKey: Guid(36d103b88ad92a94aacf2749de6bf29d) Importer(815301076,1909f56bfc062723c751e8b465ee728b)
Number of updated assets reloaded before import = 0
Start importing Assets/City Pack/Sprites/CP_V1.0.4_nyknck/CP_V1.0.4_68.asset using Guid(36d103b88ad92a94aacf2749de6bf29d) Importer(815301076,1909f56bfc062723c751e8b465ee728b)  -> (artifact id: 'cef35eeeaa4d494edbe3919ba6b6e47d') in 0.018207 seconds 
Number of asset objects unloaded after import = 3
========================================================================
Received Import Request.
  Time since last request: 0.000018 seconds.
  path: Assets/City Pack/Sprites/CP_V1.0.4_nyknck/CP_V1.0.4_69.asset
  artifactKey: Guid(dde1f9055a0b6f74aae59a2aef0b79a0) Importer(815301076,1909f56bfc062723c751e8b465ee728b)
Number of updated assets reloaded before import = 0
Start importing Assets/City Pack/Sprites/CP_V1.0.4_nyknck/CP_V1.0.4_69.asset using Guid(dde1f9055a0b6f74aae59a2aef0b79a0) Importer(815301076,1909f56bfc062723c751e8b465ee728b)  -> (artifact id: 'dfaf70d4e66ff47524def0c1a82f3249') in 0.018536 seconds 
Number of asset objects unloaded after import = 3
========================================================================
Received Import Request.
  Time since last request: 0.000019 seconds.
  path: Assets/City Pack/Sprites/CP_V1.0.4_nyknck/CP_V1.0.4_75.asset
  artifactKey: Guid(9d0d90c4ff77f75408bd592c196b33b2) Importer(815301076,1909f56bfc062723c751e8b465ee728b)
Number of updated assets reloaded before import = 0
Start importing Assets/City Pack/Sprites/CP_V1.0.4_nyknck/CP_V1.0.4_75.asset using Guid(9d0d90c4ff77f75408bd592c196b33b2) Importer(815301076,1909f56bfc062723c751e8b465ee728b)  -> (artifact id: '5c9e80c84e8b85d18bb9cca4fc73eec5') in 0.016901 seconds 
Number of asset objects unloaded after import = 3
========================================================================
Received Import Request.
  Time since last request: 0.000015 seconds.
  path: Assets/City Pack/Sprites/CP_V1.0.4_nyknck/CP_V1.0.4_74.asset
  artifactKey: Guid(ab54462843fdfd3498ccc658c90b8fcb) Importer(815301076,1909f56bfc062723c751e8b465ee728b)
Number of updated assets reloaded before import = 0
Start importing Assets/City Pack/Sprites/CP_V1.0.4_nyknck/CP_V1.0.4_74.asset using Guid(ab54462843fdfd3498ccc658c90b8fcb) Importer(815301076,1909f56bfc062723c751e8b465ee728b)  -> (artifact id: 'cc5504b2e790cdf798aafc21105db3b5') in 0.017914 seconds 
Number of asset objects unloaded after import = 3
========================================================================
Received Import Request.
  Time since last request: 1.511204 seconds.
  path: Assets/City Pack/Sprites/CP_V1.0.4_nyknck/CP_V1.0.4_80.asset
  artifactKey: Guid(77c1da2b419ac85469ef9dca6efe88cd) Importer(815301076,1909f56bfc062723c751e8b465ee728b)
Number of updated assets reloaded before import = 0
Start importing Assets/City Pack/Sprites/CP_V1.0.4_nyknck/CP_V1.0.4_80.asset using Guid(77c1da2b419ac85469ef9dca6efe88cd) Importer(815301076,1909f56bfc062723c751e8b465ee728b)  -> (artifact id: 'a77cd06852ecdc593bebf852fa598c45') in 0.027529 seconds 
Number of asset objects unloaded after import = 3
========================================================================
Received Import Request.
  Time since last request: 0.000017 seconds.
  path: Assets/City Pack/Sprites/CP_V1.0.4_nyknck/CP_V1.0.4_90.asset
  artifactKey: Guid(0978486e3ab71ac4aa7ffd6d1ecd2612) Importer(815301076,1909f56bfc062723c751e8b465ee728b)
Number of updated assets reloaded before import = 0
Start importing Assets/City Pack/Sprites/CP_V1.0.4_nyknck/CP_V1.0.4_90.asset using Guid(0978486e3ab71ac4aa7ffd6d1ecd2612) Importer(815301076,1909f56bfc062723c751e8b465ee728b)  -> (artifact id: '5d0cd4923a6f5febebe0cefe2eaf3769') in 0.025943 seconds 
Number of asset objects unloaded after import = 3
========================================================================
Received Import Request.
  Time since last request: 0.000017 seconds.
  path: Assets/City Pack/Sprites/CP_V1.0.4_nyknck/CP_V1.0.4_85.asset
  artifactKey: Guid(02b8a7f32990216498dde13ed09e5fc6) Importer(815301076,1909f56bfc062723c751e8b465ee728b)
Number of updated assets reloaded before import = 0
Start importing Assets/City Pack/Sprites/CP_V1.0.4_nyknck/CP_V1.0.4_85.asset using Guid(02b8a7f32990216498dde13ed09e5fc6) Importer(815301076,1909f56bfc062723c751e8b465ee728b)  -> (artifact id: 'd2ed8e48a7cdbac80cfb5f62f09654f8') in 0.025789 seconds 
Number of asset objects unloaded after import = 3
========================================================================
Received Import Request.
  Time since last request: 0.000023 seconds.
  path: Assets/City Pack/Sprites/CP_V1.0.4_nyknck/CP_V1.0.4_83.asset
  artifactKey: Guid(4c357c4741378cf45a33ddbf8ff8c399) Importer(815301076,1909f56bfc062723c751e8b465ee728b)
Number of updated assets reloaded before import = 0
Start importing Assets/City Pack/Sprites/CP_V1.0.4_nyknck/CP_V1.0.4_83.asset using Guid(4c357c4741378cf45a33ddbf8ff8c399) Importer(815301076,1909f56bfc062723c751e8b465ee728b)  -> (artifact id: '2440ff40272c2445291b921bc235746f') in 0.019630 seconds 
Number of asset objects unloaded after import = 3
========================================================================
Received Import Request.
  Time since last request: 0.000014 seconds.
  path: Assets/City Pack/Sprites/CP_V1.0.4_nyknck/CP_V1.0.4_82.asset
  artifactKey: Guid(2e86552c8148bd34fbbdff438db00390) Importer(815301076,1909f56bfc062723c751e8b465ee728b)
Number of updated assets reloaded before import = 0
Start importing Assets/City Pack/Sprites/CP_V1.0.4_nyknck/CP_V1.0.4_82.asset using Guid(2e86552c8148bd34fbbdff438db00390) Importer(815301076,1909f56bfc062723c751e8b465ee728b)  -> (artifact id: '0b8f6ae88e6a934e4f1d9e1ab9112fee') in 0.021231 seconds 
Number of asset objects unloaded after import = 3
========================================================================
Received Import Request.
  Time since last request: 0.000015 seconds.
  path: Assets/City Pack/Sprites/CP_V1.0.4_nyknck/CP_V1.0.4_94.asset
  artifactKey: Guid(e0edef3d46ab0dd4486c1eb406623736) Importer(815301076,1909f56bfc062723c751e8b465ee728b)
Number of updated assets reloaded before import = 0
Start importing Assets/City Pack/Sprites/CP_V1.0.4_nyknck/CP_V1.0.4_94.asset using Guid(e0edef3d46ab0dd4486c1eb406623736) Importer(815301076,1909f56bfc062723c751e8b465ee728b)  -> (artifact id: 'c81fc0bd8c48fa663f087a81ffd5570a') in 0.019709 seconds 
Number of asset objects unloaded after import = 3
========================================================================
Received Import Request.
  Time since last request: 0.000015 seconds.
  path: Assets/City Pack/Sprites/CP_V1.0.4_nyknck/CP_V1.0.4_86.asset
  artifactKey: Guid(1b032faa2513a9f48a4558f6cdd10819) Importer(815301076,1909f56bfc062723c751e8b465ee728b)
Number of updated assets reloaded before import = 0
Start importing Assets/City Pack/Sprites/CP_V1.0.4_nyknck/CP_V1.0.4_86.asset using Guid(1b032faa2513a9f48a4558f6cdd10819) Importer(815301076,1909f56bfc062723c751e8b465ee728b)  -> (artifact id: '91c4d15c42b09c16e64321d063773bc1') in 0.021376 seconds 
Number of asset objects unloaded after import = 3
========================================================================
Received Import Request.
  Time since last request: 0.000018 seconds.
  path: Assets/City Pack/Sprites/CP_V1.0.4_nyknck/CP_V1.0.4_93.asset
  artifactKey: Guid(c411de52506639b4c9db01516ffb73c7) Importer(815301076,1909f56bfc062723c751e8b465ee728b)
Number of updated assets reloaded before import = 0
Start importing Assets/City Pack/Sprites/CP_V1.0.4_nyknck/CP_V1.0.4_93.asset using Guid(c411de52506639b4c9db01516ffb73c7) Importer(815301076,1909f56bfc062723c751e8b465ee728b)  -> (artifact id: '181077a829c30247b7ce5fa14737f903') in 0.022623 seconds 
Number of asset objects unloaded after import = 3
========================================================================
Received Import Request.
  Time since last request: 15.438541 seconds.
  path: Assets/City Pack/Sprites/CP_V1.0.4_nyknck/CP_V1.0.4_97.asset
  artifactKey: Guid(55dc619d1ed642d4a8aeccf3f8b4b3f1) Importer(815301076,1909f56bfc062723c751e8b465ee728b)
Number of updated assets reloaded before import = 0
Start importing Assets/City Pack/Sprites/CP_V1.0.4_nyknck/CP_V1.0.4_97.asset using Guid(55dc619d1ed642d4a8aeccf3f8b4b3f1) Importer(815301076,1909f56bfc062723c751e8b465ee728b)  -> (artifact id: 'df4311c515b31a04e253052b9bfd3fe7') in 0.026945 seconds 
Number of asset objects unloaded after import = 3
========================================================================
Received Import Request.
  Time since last request: 0.000017 seconds.
  path: Assets/City Pack/Sprites/CP_V1.0.4_nyknck/CP_V1.0.4_103.asset
  artifactKey: Guid(9022db137dce2734fad1e28692f1dedf) Importer(815301076,1909f56bfc062723c751e8b465ee728b)
Number of updated assets reloaded before import = 0
Start importing Assets/City Pack/Sprites/CP_V1.0.4_nyknck/CP_V1.0.4_103.asset using Guid(9022db137dce2734fad1e28692f1dedf) Importer(815301076,1909f56bfc062723c751e8b465ee728b)  -> (artifact id: 'ea3e15000ecf5f8e7dd2cf4099c9a7b4') in 0.022518 seconds 
Number of asset objects unloaded after import = 3
========================================================================
Received Import Request.
  Time since last request: 0.000015 seconds.
  path: Assets/City Pack/Sprites/CP_V1.0.4_nyknck/CP_V1.0.4_106.asset
  artifactKey: Guid(93831c0edcdcce248a583d459a0e4cba) Importer(815301076,1909f56bfc062723c751e8b465ee728b)
Number of updated assets reloaded before import = 0
Start importing Assets/City Pack/Sprites/CP_V1.0.4_nyknck/CP_V1.0.4_106.asset using Guid(93831c0edcdcce248a583d459a0e4cba) Importer(815301076,1909f56bfc062723c751e8b465ee728b)  -> (artifact id: 'a316261c50ed3336439de5d70c554791') in 0.019114 seconds 
Number of asset objects unloaded after import = 3
========================================================================
Received Import Request.
  Time since last request: 0.000016 seconds.
  path: Assets/City Pack/Sprites/CP_V1.0.4_nyknck/CP_V1.0.4_109.asset
  artifactKey: Guid(9837a65ad8e6bfd46a1c4c3aedf71c89) Importer(815301076,1909f56bfc062723c751e8b465ee728b)
Number of updated assets reloaded before import = 0
Start importing Assets/City Pack/Sprites/CP_V1.0.4_nyknck/CP_V1.0.4_109.asset using Guid(9837a65ad8e6bfd46a1c4c3aedf71c89) Importer(815301076,1909f56bfc062723c751e8b465ee728b)  -> (artifact id: 'c46b83aebba7c518403f495f869f68ec') in 0.016660 seconds 
Number of asset objects unloaded after import = 3
========================================================================
Received Import Request.
  Time since last request: 0.000025 seconds.
  path: Assets/City Pack/Sprites/CP_V1.0.4_nyknck/CP_V1.0.4_110.asset
  artifactKey: Guid(e7bc8b845ed71bb4b8b08f2561845c22) Importer(815301076,1909f56bfc062723c751e8b465ee728b)
Number of updated assets reloaded before import = 0
Start importing Assets/City Pack/Sprites/CP_V1.0.4_nyknck/CP_V1.0.4_110.asset using Guid(e7bc8b845ed71bb4b8b08f2561845c22) Importer(815301076,1909f56bfc062723c751e8b465ee728b)  -> (artifact id: 'c544e03cd175f866c0772d59c29aac7c') in 0.016176 seconds 
Number of asset objects unloaded after import = 3
========================================================================
Received Import Request.
  Time since last request: 0.222410 seconds.
  path: Assets/City Pack/Sprites/CP_V1.0.4_nyknck/CP_V1.0.4_113.asset
  artifactKey: Guid(0a668ab56b9bea44eb027e8e119e7ff1) Importer(815301076,1909f56bfc062723c751e8b465ee728b)
Number of updated assets reloaded before import = 0
Start importing Assets/City Pack/Sprites/CP_V1.0.4_nyknck/CP_V1.0.4_113.asset using Guid(0a668ab56b9bea44eb027e8e119e7ff1) Importer(815301076,1909f56bfc062723c751e8b465ee728b)  -> (artifact id: 'ec017afe8519c1f23678be38950e223e') in 0.023421 seconds 
Number of asset objects unloaded after import = 3
========================================================================
Received Import Request.
  Time since last request: 0.000017 seconds.
  path: Assets/City Pack/Sprites/CP_V1.0.4_nyknck/CP_V1.0.4_120.asset
  artifactKey: Guid(5c3b954540423224c943b5a698c4e5ff) Importer(815301076,1909f56bfc062723c751e8b465ee728b)
Number of updated assets reloaded before import = 0
Start importing Assets/City Pack/Sprites/CP_V1.0.4_nyknck/CP_V1.0.4_120.asset using Guid(5c3b954540423224c943b5a698c4e5ff) Importer(815301076,1909f56bfc062723c751e8b465ee728b)  -> (artifact id: '8a4aadda97f6f123287d5695d5273c5c') in 0.072526 seconds 
Number of asset objects unloaded after import = 3
========================================================================
Received Import Request.
  Time since last request: 0.000021 seconds.
  path: Assets/City Pack/Sprites/CP_V1.0.4_nyknck/CP_V1.0.4_129.asset
  artifactKey: Guid(5d0b402c99c863441a45ccf7417d2802) Importer(815301076,1909f56bfc062723c751e8b465ee728b)
Number of updated assets reloaded before import = 0
Start importing Assets/City Pack/Sprites/CP_V1.0.4_nyknck/CP_V1.0.4_129.asset using Guid(5d0b402c99c863441a45ccf7417d2802) Importer(815301076,1909f56bfc062723c751e8b465ee728b)  -> (artifact id: 'faa466514a1369822f8ab50539e626f4') in 0.027883 seconds 
Number of asset objects unloaded after import = 3
========================================================================
Received Import Request.
  Time since last request: 0.000017 seconds.
  path: Assets/City Pack/Sprites/CP_V1.0.4_nyknck/CP_V1.0.4_138.asset
  artifactKey: Guid(9fa99239c9a57e0489cec0e580d84d5c) Importer(815301076,1909f56bfc062723c751e8b465ee728b)
Number of updated assets reloaded before import = 0
Start importing Assets/City Pack/Sprites/CP_V1.0.4_nyknck/CP_V1.0.4_138.asset using Guid(9fa99239c9a57e0489cec0e580d84d5c) Importer(815301076,1909f56bfc062723c751e8b465ee728b)  -> (artifact id: 'a4cc1bc8139822eeffc13551bcb3b251') in 0.029992 seconds 
Number of asset objects unloaded after import = 3
========================================================================
Received Import Request.
  Time since last request: 0.000018 seconds.
  path: Assets/City Pack/Sprites/CP_V1.0.4_nyknck/CP_V1.0.4_132.asset
  artifactKey: Guid(3c6eb9dd97c8f424c84e1eb8f253a213) Importer(815301076,1909f56bfc062723c751e8b465ee728b)
Number of updated assets reloaded before import = 0
Start importing Assets/City Pack/Sprites/CP_V1.0.4_nyknck/CP_V1.0.4_132.asset using Guid(3c6eb9dd97c8f424c84e1eb8f253a213) Importer(815301076,1909f56bfc062723c751e8b465ee728b)  -> (artifact id: '3e864c1c1e6657b4d75d3fd8235f2bcb') in 0.035283 seconds 
Number of asset objects unloaded after import = 3
========================================================================
Received Import Request.
  Time since last request: 0.000015 seconds.
  path: Assets/City Pack/Sprites/CP_V1.0.4_nyknck/CP_V1.0.4_130.asset
  artifactKey: Guid(3fd283d8030c2ef4eaf3035a343a58b9) Importer(815301076,1909f56bfc062723c751e8b465ee728b)
Number of updated assets reloaded before import = 0
Start importing Assets/City Pack/Sprites/CP_V1.0.4_nyknck/CP_V1.0.4_130.asset using Guid(3fd283d8030c2ef4eaf3035a343a58b9) Importer(815301076,1909f56bfc062723c751e8b465ee728b)  -> (artifact id: '6ceb14eea88d809b9a84b4b8934421e1') in 0.029860 seconds 
Number of asset objects unloaded after import = 3
========================================================================
Received Import Request.
  Time since last request: 0.000015 seconds.
  path: Assets/City Pack/Sprites/CP_V1.0.4_nyknck/CP_V1.0.4_116.asset
  artifactKey: Guid(7a7b3153cc8929f4a8718e10e398aa2b) Importer(815301076,1909f56bfc062723c751e8b465ee728b)
Number of updated assets reloaded before import = 0
Start importing Assets/City Pack/Sprites/CP_V1.0.4_nyknck/CP_V1.0.4_116.asset using Guid(7a7b3153cc8929f4a8718e10e398aa2b) Importer(815301076,1909f56bfc062723c751e8b465ee728b)  -> (artifact id: '51eb8019dcf7caabda820fb0e6c39003') in 0.016455 seconds 
Number of asset objects unloaded after import = 3
========================================================================
Received Import Request.
  Time since last request: 0.000018 seconds.
  path: Assets/City Pack/Sprites/CP_V1.0.4_nyknck/CP_V1.0.4_128.asset
  artifactKey: Guid(3091ddf5fc1068541879cdacabf0a433) Importer(815301076,1909f56bfc062723c751e8b465ee728b)
Number of updated assets reloaded before import = 0
Start importing Assets/City Pack/Sprites/CP_V1.0.4_nyknck/CP_V1.0.4_128.asset using Guid(3091ddf5fc1068541879cdacabf0a433) Importer(815301076,1909f56bfc062723c751e8b465ee728b)  -> (artifact id: '50ef0eb6437fd24c91861c762899b974') in 0.016195 seconds 
Number of asset objects unloaded after import = 3
========================================================================
Received Import Request.
  Time since last request: 0.999417 seconds.
  path: Assets/City Pack/Sprites/CP_V1.0.4_nyknck/CP_V1.0.4_145.asset
  artifactKey: Guid(445634e5e026f7244bfdf75a13998360) Importer(815301076,1909f56bfc062723c751e8b465ee728b)
Number of updated assets reloaded before import = 0
Start importing Assets/City Pack/Sprites/CP_V1.0.4_nyknck/CP_V1.0.4_145.asset using Guid(445634e5e026f7244bfdf75a13998360) Importer(815301076,1909f56bfc062723c751e8b465ee728b)  -> (artifact id: '7f074346465f9803a024df1303f32aee') in 0.023350 seconds 
Number of asset objects unloaded after import = 3
========================================================================
Received Import Request.
  Time since last request: 0.000015 seconds.
  path: Assets/City Pack/Sprites/CP_V1.0.4_nyknck/CP_V1.0.4_154.asset
  artifactKey: Guid(dae2b32b1a82ce849a91a42045b1781b) Importer(815301076,1909f56bfc062723c751e8b465ee728b)
Number of updated assets reloaded before import = 0
Start importing Assets/City Pack/Sprites/CP_V1.0.4_nyknck/CP_V1.0.4_154.asset using Guid(dae2b32b1a82ce849a91a42045b1781b) Importer(815301076,1909f56bfc062723c751e8b465ee728b)  -> (artifact id: '5b5df0f5c73fd3715807ec8410cf6970') in 0.032549 seconds 
Number of asset objects unloaded after import = 3
========================================================================
Received Import Request.
  Time since last request: 0.000015 seconds.
  path: Assets/City Pack/Sprites/CP_V1.0.4_nyknck/CP_V1.0.4_149.asset
  artifactKey: Guid(5dd35a01bcd623d4b92564a3884a58c8) Importer(815301076,1909f56bfc062723c751e8b465ee728b)
Number of updated assets reloaded before import = 0
Start importing Assets/City Pack/Sprites/CP_V1.0.4_nyknck/CP_V1.0.4_149.asset using Guid(5dd35a01bcd623d4b92564a3884a58c8) Importer(815301076,1909f56bfc062723c751e8b465ee728b)  -> (artifact id: 'acb8d8720720192773234d3986d3c606') in 0.022916 seconds 
Number of asset objects unloaded after import = 3
========================================================================
Received Import Request.
  Time since last request: 0.000020 seconds.
  path: Assets/City Pack/Sprites/CP_V1.0.4_nyknck/CP_V1.0.4_156.asset
  artifactKey: Guid(656f5446c0285dd4f8eb707277ff25d3) Importer(815301076,1909f56bfc062723c751e8b465ee728b)
Number of updated assets reloaded before import = 0
Start importing Assets/City Pack/Sprites/CP_V1.0.4_nyknck/CP_V1.0.4_156.asset using Guid(656f5446c0285dd4f8eb707277ff25d3) Importer(815301076,1909f56bfc062723c751e8b465ee728b)  -> (artifact id: '0e9697b7ab179fa70c5f21b4eb088463') in 0.031769 seconds 
Number of asset objects unloaded after import = 3
========================================================================
Received Import Request.
  Time since last request: 0.169533 seconds.
  path: Assets/City Pack/Sprites/CP_V1.0.4_nyknck/CP_V1.0.4_161.asset
  artifactKey: Guid(160e687d517f55f4eb4cb041f373a7a7) Importer(815301076,1909f56bfc062723c751e8b465ee728b)
Number of updated assets reloaded before import = 0
Start importing Assets/City Pack/Sprites/CP_V1.0.4_nyknck/CP_V1.0.4_161.asset using Guid(160e687d517f55f4eb4cb041f373a7a7) Importer(815301076,1909f56bfc062723c751e8b465ee728b)  -> (artifact id: '4b45aed3df7c70d40871fc18e6a31fed') in 0.034806 seconds 
Number of asset objects unloaded after import = 3
========================================================================
Received Import Request.
  Time since last request: 0.000015 seconds.
  path: Assets/City Pack/Sprites/CP_V1.0.4_nyknck/CP_V1.0.4_168.asset
  artifactKey: Guid(7904ac3faef99f649b82dda52010c82a) Importer(815301076,1909f56bfc062723c751e8b465ee728b)
Number of updated assets reloaded before import = 0
Start importing Assets/City Pack/Sprites/CP_V1.0.4_nyknck/CP_V1.0.4_168.asset using Guid(7904ac3faef99f649b82dda52010c82a) Importer(815301076,1909f56bfc062723c751e8b465ee728b)  -> (artifact id: '9ad565a673df83a4aaab4c8114b3c722') in 0.026992 seconds 
Number of asset objects unloaded after import = 3
Editor requested this worker to shutdown with reason: Scaling down because of idle timeout
AssetImportWorker is now disconnected from the server
Process exiting
Exiting without the bug reporter. Application will terminate with return code 0