Using pre-set license
Built from '2021.3/staging' branch; Version is '2021.3.45f1 (0da89fac8e79) revision 895135'; Using compiler version '192829333'; Build Type 'Release'
OS: 'Windows 11  (10.0.26100) 64bit Core' Language: 'pl' Physical Memory: 16214 MB
BatchMode: 1, IsHumanControllingUs: 0, StartBugReporterOnCrash: 0, Is64bit: 1, IsPro: 1

COMMAND LINE ARGUMENTS:
C:\Program Files\Unity\Hub\Editor\2021.3.45f1\Editor\Unity.exe
-adb2
-batchMode
-noUpm
-name
AssetImportWorker5
-projectPath
C:/Users/Windows_11_PRO/Desktop/GameJam/GameJam
-logFile
Logs/AssetImportWorker5.log
-srvPort
61556
Successfully changed project path to: C:/Users/Windows_11_PRO/Desktop/GameJam/GameJam
C:/Users/Windows_11_PRO/Desktop/GameJam/GameJam
[UnityMemory] Configuration Parameters - Can be set up in boot.config
    "memorysetup-bucket-allocator-granularity=16"
    "memorysetup-bucket-allocator-bucket-count=8"
    "memorysetup-bucket-allocator-block-size=33554432"
    "memorysetup-bucket-allocator-block-count=8"
    "memorysetup-main-allocator-block-size=16777216"
    "memorysetup-thread-allocator-block-size=16777216"
    "memorysetup-gfx-main-allocator-block-size=16777216"
    "memorysetup-gfx-thread-allocator-block-size=16777216"
    "memorysetup-cache-allocator-block-size=4194304"
    "memorysetup-typetree-allocator-block-size=2097152"
    "memorysetup-profiler-bucket-allocator-granularity=16"
    "memorysetup-profiler-bucket-allocator-bucket-count=8"
    "memorysetup-profiler-bucket-allocator-block-size=33554432"
    "memorysetup-profiler-bucket-allocator-block-count=8"
    "memorysetup-profiler-allocator-block-size=16777216"
    "memorysetup-profiler-editor-allocator-block-size=1048576"
    "memorysetup-temp-allocator-size-main=16777216"
    "memorysetup-job-temp-allocator-block-size=2097152"
    "memorysetup-job-temp-allocator-block-size-background=1048576"
    "memorysetup-job-temp-allocator-reduction-small-platforms=262144"
    "memorysetup-temp-allocator-size-background-worker=32768"
    "memorysetup-temp-allocator-size-job-worker=262144"
    "memorysetup-temp-allocator-size-preload-manager=33554432"
    "memorysetup-temp-allocator-size-nav-mesh-worker=65536"
    "memorysetup-temp-allocator-size-audio-worker=65536"
    "memorysetup-temp-allocator-size-cloud-worker=32768"
    "memorysetup-temp-allocator-size-gi-baking-worker=262144"
    "memorysetup-temp-allocator-size-gfx=262144"
Player connection [17700] Host "[IP] 0.0.0.0 [Port] 0 [Flags] 2 [Guid] 3778381629 [EditorId] 3778381629 [Version] 1048832 [Id] WindowsEditor(7,DESKTOP-474I38B) [Debug] 1 [PackageName] WindowsEditor [ProjectName] Editor" joined multi-casting on [225.0.0.222:54997]...

Player connection [17700] Host "[IP] 0.0.0.0 [Port] 0 [Flags] 2 [Guid] 3778381629 [EditorId] 3778381629 [Version] 1048832 [Id] WindowsEditor(7,DESKTOP-474I38B) [Debug] 1 [PackageName] WindowsEditor [ProjectName] Editor" joined alternative multi-casting on [225.0.0.222:34997]...

[Physics::Module] Initialized MultithreadedJobDispatcher with {0} workers.
Refreshing native plugins compatible for Editor in 55.59 ms, found 4 plugins.
Preloading 0 native plugins for Editor in 0.00 ms.
Initialize engine version: 2021.3.45f1 (0da89fac8e79)
[Subsystems] Discovering subsystems at path C:/Program Files/Unity/Hub/Editor/2021.3.45f1/Editor/Data/Resources/UnitySubsystems
[Subsystems] Discovering subsystems at path C:/Users/Windows_11_PRO/Desktop/GameJam/GameJam/Assets
GfxDevice: creating device client; threaded=0; jobified=0
Direct3D:
    Version:  Direct3D 11.0 [level 11.1]
    Renderer: NVIDIA GeForce RTX 4060 Ti (ID=0x2788)
    Vendor:   NVIDIA
    VRAM:     7949 MB
    Driver:   32.0.15.6094
Initialize mono
Mono path[0] = 'C:/Program Files/Unity/Hub/Editor/2021.3.45f1/Editor/Data/Managed'
Mono path[1] = 'C:/Program Files/Unity/Hub/Editor/2021.3.45f1/Editor/Data/MonoBleedingEdge/lib/mono/unityjit-win32'
Mono config path = 'C:/Program Files/Unity/Hub/Editor/2021.3.45f1/Editor/Data/MonoBleedingEdge/etc'
Using monoOptions --debugger-agent=transport=dt_socket,embedding=1,server=y,suspend=n,address=127.0.0.1:56004
Begin MonoManager ReloadAssembly
Registering precompiled unity dll's ...
Register platform support module: C:/Program Files/Unity/Hub/Editor/2021.3.45f1/Editor/Data/PlaybackEngines/WindowsStandaloneSupport/UnityEditor.WindowsStandalone.Extensions.dll
Registered in 0.004417 seconds.
Native extension for WindowsStandalone target not found
Refreshing native plugins compatible for Editor in 48.91 ms, found 4 plugins.
Preloading 0 native plugins for Editor in 0.00 ms.
Mono: successfully reloaded assembly
- Completed reload, in  0.535 seconds
Domain Reload Profiling:
	ReloadAssembly (536ms)
		BeginReloadAssembly (83ms)
			ExecutionOrderSort (0ms)
			DisableScriptedObjects (0ms)
			BackupInstance (0ms)
			ReleaseScriptingObjects (0ms)
			CreateAndSetChildDomain (1ms)
		EndReloadAssembly (373ms)
			LoadAssemblies (81ms)
			RebuildTransferFunctionScriptingTraits (0ms)
			SetupTypeCache (87ms)
			ReleaseScriptCaches (0ms)
			RebuildScriptCaches (22ms)
			SetupLoadedEditorAssemblies (230ms)
				LogAssemblyErrors (0ms)
				InitializePlatformSupportModulesInManaged (7ms)
				SetLoadedEditorAssemblies (0ms)
				RefreshPlugins (49ms)
				BeforeProcessingInitializeOnLoad (1ms)
				ProcessInitializeOnLoadAttributes (129ms)
				ProcessInitializeOnLoadMethodAttributes (44ms)
				AfterProcessingInitializeOnLoad (0ms)
				EditorAssembliesLoaded (0ms)
			ExecutionOrderSort2 (0ms)
			AwakeInstancesAfterBackupRestoration (0ms)
Platform modules already initialized, skipping
Registering precompiled user dll's ...
Registered in 0.005753 seconds.
Begin MonoManager ReloadAssembly
Native extension for WindowsStandalone target not found
Refreshing native plugins compatible for Editor in 44.71 ms, found 4 plugins.
Preloading 0 native plugins for Editor in 0.00 ms.
Mono: successfully reloaded assembly
- Completed reload, in  0.897 seconds
Domain Reload Profiling:
	ReloadAssembly (897ms)
		BeginReloadAssembly (110ms)
			ExecutionOrderSort (0ms)
			DisableScriptedObjects (5ms)
			BackupInstance (0ms)
			ReleaseScriptingObjects (0ms)
			CreateAndSetChildDomain (14ms)
		EndReloadAssembly (698ms)
			LoadAssemblies (86ms)
			RebuildTransferFunctionScriptingTraits (0ms)
			SetupTypeCache (196ms)
			ReleaseScriptCaches (0ms)
			RebuildScriptCaches (51ms)
			SetupLoadedEditorAssemblies (355ms)
				LogAssemblyErrors (0ms)
				InitializePlatformSupportModulesInManaged (3ms)
				SetLoadedEditorAssemblies (0ms)
				RefreshPlugins (45ms)
				BeforeProcessingInitializeOnLoad (55ms)
				ProcessInitializeOnLoadAttributes (221ms)
				ProcessInitializeOnLoadMethodAttributes (25ms)
				AfterProcessingInitializeOnLoad (5ms)
				EditorAssembliesLoaded (0ms)
			ExecutionOrderSort2 (0ms)
			AwakeInstancesAfterBackupRestoration (5ms)
Platform modules already initialized, skipping
========================================================================
Worker process is ready to serve import requests
Launched and connected shader compiler UnityShaderCompiler.exe after 0.03 seconds
Refreshing native plugins compatible for Editor in 0.47 ms, found 4 plugins.
Preloading 0 native plugins for Editor in 0.00 ms.
Unloading 3984 Unused Serialized files (Serialized files now loaded: 0)
Unloading 50 unused Assets / (119.3 KB). Loaded Objects now: 4440.
Memory consumption went from 152.0 MB to 151.9 MB.
Total: 2.461900 ms (FindLiveObjects: 0.231700 ms CreateObjectMapping: 0.077000 ms MarkObjects: 2.065100 ms  DeleteObjects: 0.087200 ms)

AssetImportParameters requested are different than current active one (requested -> active):
  custom:video-decoder-ogg-theora: a1e56fd34408186e4bbccfd4996cb3dc -> 
  custom:container-muxer-webm: aa71ff27fc2769a1b78a27578f13a17b -> 
  custom:container-demuxer-webm: 4f35f7cbe854078d1ac9338744f61a02 -> 
  custom:video-encoder-webm-vp8: eb34c28f22e8b96e1ab97ce403110664 -> 
  custom:video-codec-MediaFoundation-h265: 746d11721c4dcdbdad8f713fa42b33f4 -> 
  custom:CustomObjectIndexerAttribute: bc11b3a6c3213fcdd17b65e7da85e133 -> 
  custom:audio-encoder-webm-vorbis: bf7c407c2cedff20999df2af8eb42d56 -> 
  custom:framework-win-MediaFoundation: 216162199b28c13a410421893ffa2e32 -> 
  custom:SearchIndexIgnoredProperties: e643bd26f0fe6173181afceb89e7c659 -> 
  custom:container-demuxer-ogg: 62fdf1f143b41e24485cea50d1cbac27 -> 
  custom:video-decoder-webm-vp8: 9c59270c3fd7afecdb556c50c9e8de78 -> 
  custom:audio-decoder-ogg-vorbis: bf7c407c2cedff20999df2af8eb42d56 -> 
========================================================================
Received Import Request.
  Time since last request: 245050.456344 seconds.
  path: Assets/City Pack/Sprites/CP_V1.0.4_nyknck/CP_V1.0.4_99.asset
  artifactKey: Guid(f5d6aee77467f164b9bcd0556a74eec3) Importer(815301076,1909f56bfc062723c751e8b465ee728b)
Number of updated assets reloaded before import = 0
Start importing Assets/City Pack/Sprites/CP_V1.0.4_nyknck/CP_V1.0.4_99.asset using Guid(f5d6aee77467f164b9bcd0556a74eec3) Importer(815301076,1909f56bfc062723c751e8b465ee728b)  -> (artifact id: '6c3963c15214d6f9b3ec00140e75862c') in 0.080409 seconds 
Number of asset objects unloaded after import = 3
========================================================================
Received Import Request.
  Time since last request: 0.000024 seconds.
  path: Assets/City Pack/Sprites/CP_V1.0.4_nyknck/CP_V1.0.4_100.asset
  artifactKey: Guid(1a3ffa7ead238d14bbdf5d4b4942946f) Importer(815301076,1909f56bfc062723c751e8b465ee728b)
Number of updated assets reloaded before import = 0
Start importing Assets/City Pack/Sprites/CP_V1.0.4_nyknck/CP_V1.0.4_100.asset using Guid(1a3ffa7ead238d14bbdf5d4b4942946f) Importer(815301076,1909f56bfc062723c751e8b465ee728b)  -> (artifact id: '35f22c8b402c16f8a135e48c73402603') in 0.018430 seconds 
Number of asset objects unloaded after import = 3
========================================================================
Received Import Request.
  Time since last request: 0.000029 seconds.
  path: Assets/City Pack/Sprites/CP_V1.0.4_nyknck/CP_V1.0.4_104.asset
  artifactKey: Guid(3e35bf30f4378d6438532ac64e5f8de5) Importer(815301076,1909f56bfc062723c751e8b465ee728b)
Number of updated assets reloaded before import = 0
Start importing Assets/City Pack/Sprites/CP_V1.0.4_nyknck/CP_V1.0.4_104.asset using Guid(3e35bf30f4378d6438532ac64e5f8de5) Importer(815301076,1909f56bfc062723c751e8b465ee728b)  -> (artifact id: '3885bc920d7be217546bc5e844487481') in 0.015373 seconds 
Number of asset objects unloaded after import = 3
========================================================================
Received Import Request.
  Time since last request: 0.212625 seconds.
  path: Assets/City Pack/Sprites/CP_V1.0.4_nyknck/CP_V1.0.4_115.asset
  artifactKey: Guid(7bf6b1473c441d6479f9c7303045dfc4) Importer(815301076,1909f56bfc062723c751e8b465ee728b)
Number of updated assets reloaded before import = 0
Start importing Assets/City Pack/Sprites/CP_V1.0.4_nyknck/CP_V1.0.4_115.asset using Guid(7bf6b1473c441d6479f9c7303045dfc4) Importer(815301076,1909f56bfc062723c751e8b465ee728b)  -> (artifact id: 'e727e15e2f511e75de9e2409abf878ef') in 0.025490 seconds 
Number of asset objects unloaded after import = 3
========================================================================
Received Import Request.
  Time since last request: 0.000026 seconds.
  path: Assets/City Pack/Sprites/CP_V1.0.4_nyknck/CP_V1.0.4_125.asset
  artifactKey: Guid(d12c71c271f91414cb0e7ec9437ecc58) Importer(815301076,1909f56bfc062723c751e8b465ee728b)
Number of updated assets reloaded before import = 0
Start importing Assets/City Pack/Sprites/CP_V1.0.4_nyknck/CP_V1.0.4_125.asset using Guid(d12c71c271f91414cb0e7ec9437ecc58) Importer(815301076,1909f56bfc062723c751e8b465ee728b)  -> (artifact id: '157a0f2f77dda4d737d100813236d29c') in 0.085942 seconds 
Number of asset objects unloaded after import = 3
========================================================================
Received Import Request.
  Time since last request: 0.000016 seconds.
  path: Assets/City Pack/Sprites/CP_V1.0.4_nyknck/CP_V1.0.4_133.asset
  artifactKey: Guid(fb8391b820d55684ebaf423f18fc454e) Importer(815301076,1909f56bfc062723c751e8b465ee728b)
Number of updated assets reloaded before import = 0
Start importing Assets/City Pack/Sprites/CP_V1.0.4_nyknck/CP_V1.0.4_133.asset using Guid(fb8391b820d55684ebaf423f18fc454e) Importer(815301076,1909f56bfc062723c751e8b465ee728b)  -> (artifact id: '542e8240a51d491a0bac926b8f760b2f') in 0.032513 seconds 
Number of asset objects unloaded after import = 3
========================================================================
Received Import Request.
  Time since last request: 0.000015 seconds.
  path: Assets/City Pack/Sprites/CP_V1.0.4_nyknck/CP_V1.0.4_136.asset
  artifactKey: Guid(5b279b43ed243e8438764bec5644da19) Importer(815301076,1909f56bfc062723c751e8b465ee728b)
Number of updated assets reloaded before import = 0
Start importing Assets/City Pack/Sprites/CP_V1.0.4_nyknck/CP_V1.0.4_136.asset using Guid(5b279b43ed243e8438764bec5644da19) Importer(815301076,1909f56bfc062723c751e8b465ee728b)  -> (artifact id: '00cf26c9d995aba9216b74f713ff03e7') in 0.032728 seconds 
Number of asset objects unloaded after import = 3
========================================================================
Received Import Request.
  Time since last request: 0.000017 seconds.
  path: Assets/City Pack/Sprites/CP_V1.0.4_nyknck/CP_V1.0.4_118.asset
  artifactKey: Guid(3417cb35a7ed8574bb41b24a01578ae3) Importer(815301076,1909f56bfc062723c751e8b465ee728b)
Number of updated assets reloaded before import = 0
Start importing Assets/City Pack/Sprites/CP_V1.0.4_nyknck/CP_V1.0.4_118.asset using Guid(3417cb35a7ed8574bb41b24a01578ae3) Importer(815301076,1909f56bfc062723c751e8b465ee728b)  -> (artifact id: 'a51d3adebfdd702096a5bfb0b90e0489') in 0.033068 seconds 
Number of asset objects unloaded after import = 3
========================================================================
Received Import Request.
  Time since last request: 0.000021 seconds.
  path: Assets/City Pack/Sprites/CP_V1.0.4_nyknck/CP_V1.0.4_135.asset
  artifactKey: Guid(c409b03328da89b44a3a9859d80037bb) Importer(815301076,1909f56bfc062723c751e8b465ee728b)
Number of updated assets reloaded before import = 0
Start importing Assets/City Pack/Sprites/CP_V1.0.4_nyknck/CP_V1.0.4_135.asset using Guid(c409b03328da89b44a3a9859d80037bb) Importer(815301076,1909f56bfc062723c751e8b465ee728b)  -> (artifact id: 'fdcbd9ec5f6cdfe88ac96e442cb1169f') in 0.020806 seconds 
Number of asset objects unloaded after import = 3
========================================================================
Received Import Request.
  Time since last request: 0.000014 seconds.
  path: Assets/City Pack/Sprites/CP_V1.0.4_nyknck/CP_V1.0.4_139.asset
  artifactKey: Guid(bcee9598ff43213418961f89ce8a2e47) Importer(815301076,1909f56bfc062723c751e8b465ee728b)
Number of updated assets reloaded before import = 0
Start importing Assets/City Pack/Sprites/CP_V1.0.4_nyknck/CP_V1.0.4_139.asset using Guid(bcee9598ff43213418961f89ce8a2e47) Importer(815301076,1909f56bfc062723c751e8b465ee728b)  -> (artifact id: 'a58134ce76166918d0c042bd3740e79a') in 0.019390 seconds 
Number of asset objects unloaded after import = 3
========================================================================
Received Import Request.
  Time since last request: 1.003852 seconds.
  path: Assets/City Pack/Sprites/CP_V1.0.4_nyknck/CP_V1.0.4_147.asset
  artifactKey: Guid(16425000952ed0b4090d0b33c6723976) Importer(815301076,1909f56bfc062723c751e8b465ee728b)
Number of updated assets reloaded before import = 0
Start importing Assets/City Pack/Sprites/CP_V1.0.4_nyknck/CP_V1.0.4_147.asset using Guid(16425000952ed0b4090d0b33c6723976) Importer(815301076,1909f56bfc062723c751e8b465ee728b)  -> (artifact id: 'a450223c2003ca45c63dccad1726da2e') in 0.023412 seconds 
Number of asset objects unloaded after import = 3
========================================================================
Received Import Request.
  Time since last request: 0.000018 seconds.
  path: Assets/City Pack/Sprites/CP_V1.0.4_nyknck/CP_V1.0.4_158.asset
  artifactKey: Guid(6e5876e11b96a3b409f95d4a3ca29497) Importer(815301076,1909f56bfc062723c751e8b465ee728b)
Number of updated assets reloaded before import = 0
Start importing Assets/City Pack/Sprites/CP_V1.0.4_nyknck/CP_V1.0.4_158.asset using Guid(6e5876e11b96a3b409f95d4a3ca29497) Importer(815301076,1909f56bfc062723c751e8b465ee728b)  -> (artifact id: '57ad17aae768784b316471ba3134c917') in 0.042367 seconds 
Number of asset objects unloaded after import = 3
========================================================================
Received Import Request.
  Time since last request: 0.000018 seconds.
  path: Assets/City Pack/Sprites/CP_V1.0.4_nyknck/CP_V1.0.4_159.asset
  artifactKey: Guid(d1145c85b76277f41a02a09cc1e9e01f) Importer(815301076,1909f56bfc062723c751e8b465ee728b)
Number of updated assets reloaded before import = 0
Start importing Assets/City Pack/Sprites/CP_V1.0.4_nyknck/CP_V1.0.4_159.asset using Guid(d1145c85b76277f41a02a09cc1e9e01f) Importer(815301076,1909f56bfc062723c751e8b465ee728b)  -> (artifact id: 'a0cfb124555e04030ad00d37809f003b') in 0.031244 seconds 
Number of asset objects unloaded after import = 3
========================================================================
Received Import Request.
  Time since last request: 0.000014 seconds.
  path: Assets/City Pack/Sprites/CP_V1.0.4_nyknck/CP_V1.0.4_150.asset
  artifactKey: Guid(84ec0018f253e364da313daada1dc700) Importer(815301076,1909f56bfc062723c751e8b465ee728b)
Number of updated assets reloaded before import = 0
Start importing Assets/City Pack/Sprites/CP_V1.0.4_nyknck/CP_V1.0.4_150.asset using Guid(84ec0018f253e364da313daada1dc700) Importer(815301076,1909f56bfc062723c751e8b465ee728b)  -> (artifact id: 'a5f2c5185c57e2796720ad3db7c8803a') in 0.027473 seconds 
Number of asset objects unloaded after import = 3
========================================================================
Received Import Request.
  Time since last request: 0.154554 seconds.
  path: Assets/City Pack/Sprites/CP_V1.0.4_nyknck/CP_V1.0.4_163.asset
  artifactKey: Guid(2a31362dcd103ec41bc765b6e0008116) Importer(815301076,1909f56bfc062723c751e8b465ee728b)
Number of updated assets reloaded before import = 0
Start importing Assets/City Pack/Sprites/CP_V1.0.4_nyknck/CP_V1.0.4_163.asset using Guid(2a31362dcd103ec41bc765b6e0008116) Importer(815301076,1909f56bfc062723c751e8b465ee728b)  -> (artifact id: 'af4b9a85e051b99ea62c685ecbaeb560') in 0.038191 seconds 
Number of asset objects unloaded after import = 3
========================================================================
Received Import Request.
  Time since last request: 0.000016 seconds.
  path: Assets/City Pack/Sprites/CP_V1.0.4_nyknck/CP_V1.0.4_164.asset
  artifactKey: Guid(1aa24c4d2b47d2a47998b47564efe608) Importer(815301076,1909f56bfc062723c751e8b465ee728b)
Number of updated assets reloaded before import = 0
Start importing Assets/City Pack/Sprites/CP_V1.0.4_nyknck/CP_V1.0.4_164.asset using Guid(1aa24c4d2b47d2a47998b47564efe608) Importer(815301076,1909f56bfc062723c751e8b465ee728b)  -> (artifact id: '0bbcf670467690e90fdf5858709b39a3') in 0.030955 seconds 
Number of asset objects unloaded after import = 3
Editor requested this worker to shutdown with reason: Scaling down because of idle timeout
AssetImportWorker is now disconnected from the server
Process exiting
Exiting without the bug reporter. Application will terminate with return code 0